{"$message_type":"diagnostic","message":"failed to resolve: use of unresolved module or unlinked crate `futures`","code":{"code":"E0433","explanation":"An undeclared crate, module, or type was used.\n\nErroneous code example:\n\n```compile_fail,E0433\nlet map = HashMap::new();\n// error: failed to resolve: use of undeclared type `HashMap`\n```\n\nPlease verify you didn't misspell the type/module's name or that you didn't\nforget to import it:\n\n```\nuse std::collections::HashMap; // HashMap has been imported.\nlet map: HashMap<u32, u32> = HashMap::new(); // So it can be used!\n```\n\nIf you've expected to use a crate name:\n\n```compile_fail\nuse ferris_wheel::BigO;\n// error: failed to resolve: use of undeclared module or unlinked crate\n```\n\nMake sure the crate has been added as a dependency in `Cargo.toml`.\n\nTo use a module from your current crate, add the `crate::` prefix to the path.\n"},"level":"error","spans":[{"file_name":"src/subagent.rs","byte_start":146,"byte_end":153,"line_start":5,"line_end":5,"column_start":5,"column_end":12,"is_primary":true,"text":[{"text":"use futures::future::BoxFuture;","highlight_start":5,"highlight_end":12}],"label":"use of unresolved module or unlinked crate `futures`","suggested_replacement":null,"suggestion_applicability":null,"expansion":null}],"children":[{"message":"if you wanted to use a crate named `futures`, use `cargo add futures` to add it to your `Cargo.toml`","code":null,"level":"help","spans":[],"children":[],"rendered":null}],"rendered":"\u001b[1m\u001b[91merror[E0433]\u001b[0m\u001b[1m: failed to resolve: use of unresolved module or unlinked crate `futures`\u001b[0m\n \u001b[1m\u001b[94m--> \u001b[0msrc/subagent.rs:5:5\n  \u001b[1m\u001b[94m|\u001b[0m\n\u001b[1m\u001b[94m5\u001b[0m \u001b[1m\u001b[94m|\u001b[0m use futures::future::BoxFuture;\n  \u001b[1m\u001b[94m|\u001b[0m     \u001b[1m\u001b[91m^^^^^^^\u001b[0m \u001b[1m\u001b[91muse of unresolved module or unlinked crate `futures`\u001b[0m\n  \u001b[1m\u001b[94m|\u001b[0m\n  \u001b[1m\u001b[94m= \u001b[0m\u001b[1mhelp\u001b[0m: if you wanted to use a crate named `futures`, use `cargo add futures` to add it to your `Cargo.toml`\n\n"}
{"$message_type":"diagnostic","message":"failed to resolve: use of unresolved module or unlinked crate `futures`","code":{"code":"E0433","explanation":"An undeclared crate, module, or type was used.\n\nErroneous code example:\n\n```compile_fail,E0433\nlet map = HashMap::new();\n// error: failed to resolve: use of undeclared type `HashMap`\n```\n\nPlease verify you didn't misspell the type/module's name or that you didn't\nforget to import it:\n\n```\nuse std::collections::HashMap; // HashMap has been imported.\nlet map: HashMap<u32, u32> = HashMap::new(); // So it can be used!\n```\n\nIf you've expected to use a crate name:\n\n```compile_fail\nuse ferris_wheel::BigO;\n// error: failed to resolve: use of undeclared module or unlinked crate\n```\n\nMake sure the crate has been added as a dependency in `Cargo.toml`.\n\nTo use a module from your current crate, add the `crate::` prefix to the path.\n"},"level":"error","spans":[{"file_name":"src/lib.rs","byte_start":4722,"byte_end":4729,"line_start":155,"line_end":155,"column_start":21,"column_end":28,"is_primary":true,"text":[{"text":"        F: Fn(T) -> futures::future::BoxFuture<'static, SubagentResult> + Send + Sync + 'static,","highlight_start":21,"highlight_end":28}],"label":"use of unresolved module or unlinked crate `futures`","suggested_replacement":null,"suggestion_applicability":null,"expansion":null}],"children":[{"message":"if you wanted to use a crate named `futures`, use `cargo add futures` to add it to your `Cargo.toml`","code":null,"level":"help","spans":[],"children":[],"rendered":null}],"rendered":"\u001b[1m\u001b[91merror[E0433]\u001b[0m\u001b[1m: failed to resolve: use of unresolved module or unlinked crate `futures`\u001b[0m\n   \u001b[1m\u001b[94m--> \u001b[0msrc/lib.rs:155:21\n    \u001b[1m\u001b[94m|\u001b[0m\n\u001b[1m\u001b[94m155\u001b[0m \u001b[1m\u001b[94m|\u001b[0m         F: Fn(T) -> futures::future::BoxFuture<'static, SubagentResult> + Send + Sync + 'static,\n    \u001b[1m\u001b[94m|\u001b[0m                     \u001b[1m\u001b[91m^^^^^^^\u001b[0m \u001b[1m\u001b[91muse of unresolved module or unlinked crate `futures`\u001b[0m\n    \u001b[1m\u001b[94m|\u001b[0m\n    \u001b[1m\u001b[94m= \u001b[0m\u001b[1mhelp\u001b[0m: if you wanted to use a crate named `futures`, use `cargo add futures` to add it to your `Cargo.toml`\n\n"}
{"$message_type":"diagnostic","message":"unused import: `mpsc`","code":{"code":"unused_imports","explanation":null},"level":"warning","spans":[{"file_name":"src/subagent.rs","byte_start":212,"byte_end":216,"line_start":7,"line_end":7,"column_start":19,"column_end":23,"is_primary":true,"text":[{"text":"use tokio::sync::{mpsc, Semaphore};","highlight_start":19,"highlight_end":23}],"label":null,"suggested_replacement":null,"suggestion_applicability":null,"expansion":null}],"children":[{"message":"`#[warn(unused_imports)]` (part of `#[warn(unused)]`) on by default","code":null,"level":"note","spans":[],"children":[],"rendered":null},{"message":"remove the unused import","code":null,"level":"help","spans":[{"file_name":"src/subagent.rs","byte_start":212,"byte_end":218,"line_start":7,"line_end":7,"column_start":19,"column_end":25,"is_primary":true,"text":[{"text":"use tokio::sync::{mpsc, Semaphore};","highlight_start":19,"highlight_end":25}],"label":null,"suggested_replacement":"","suggestion_applicability":"MachineApplicable","expansion":null},{"file_name":"src/subagent.rs","byte_start":211,"byte_end":212,"line_start":7,"line_end":7,"column_start":18,"column_end":19,"is_primary":true,"text":[{"text":"use tokio::sync::{mpsc, Semaphore};","highlight_start":18,"highlight_end":19}],"label":null,"suggested_replacement":"","suggestion_applicability":"MachineApplicable","expansion":null},{"file_name":"src/subagent.rs","byte_start":227,"byte_end":228,"line_start":7,"line_end":7,"column_start":34,"column_end":35,"is_primary":true,"text":[{"text":"use tokio::sync::{mpsc, Semaphore};","highlight_start":34,"highlight_end":35}],"label":null,"suggested_replacement":"","suggestion_applicability":"MachineApplicable","expansion":null}],"children":[],"rendered":null}],"rendered":"\u001b[1m\u001b[33mwarning\u001b[0m\u001b[1m: unused import: `mpsc`\u001b[0m\n \u001b[1m\u001b[94m--> \u001b[0msrc/subagent.rs:7:19\n  \u001b[1m\u001b[94m|\u001b[0m\n\u001b[1m\u001b[94m7\u001b[0m \u001b[1m\u001b[94m|\u001b[0m use tokio::sync::{mpsc, Semaphore};\n  \u001b[1m\u001b[94m|\u001b[0m                   \u001b[1m\u001b[33m^^^^\u001b[0m\n  \u001b[1m\u001b[94m|\u001b[0m\n  \u001b[1m\u001b[94m= \u001b[0m\u001b[1mnote\u001b[0m: `#[warn(unused_imports)]` (part of `#[warn(unused)]`) on by default\n\n"}
{"$message_type":"diagnostic","message":"unused import: `std::collections::HashMap`","code":{"code":"unused_imports","explanation":null},"level":"warning","spans":[{"file_name":"src/change_detection.rs","byte_start":130,"byte_end":155,"line_start":5,"line_end":5,"column_start":5,"column_end":30,"is_primary":true,"text":[{"text":"use std::collections::HashMap;","highlight_start":5,"highlight_end":30}],"label":null,"suggested_replacement":null,"suggestion_applicability":null,"expansion":null}],"children":[{"message":"remove the whole `use` item","code":null,"level":"help","spans":[{"file_name":"src/change_detection.rs","byte_start":126,"byte_end":157,"line_start":5,"line_end":6,"column_start":1,"column_end":1,"is_primary":true,"text":[{"text":"use std::collections::HashMap;","highlight_start":1,"highlight_end":31},{"text":"","highlight_start":1,"highlight_end":1}],"label":null,"suggested_replacement":"","suggestion_applicability":"MachineApplicable","expansion":null}],"children":[],"rendered":null}],"rendered":"\u001b[1m\u001b[33mwarning\u001b[0m\u001b[1m: unused import: `std::collections::HashMap`\u001b[0m\n \u001b[1m\u001b[94m--> \u001b[0msrc/change_detection.rs:5:5\n  \u001b[1m\u001b[94m|\u001b[0m\n\u001b[1m\u001b[94m5\u001b[0m \u001b[1m\u001b[94m|\u001b[0m use std::collections::HashMap;\n  \u001b[1m\u001b[94m|\u001b[0m     \u001b[1m\u001b[33m^^^^^^^^^^^^^^^^^^^^^^^^^\u001b[0m\n\n"}
{"$message_type":"diagnostic","message":"unused import: `BranchVote`","code":{"code":"unused_imports","explanation":null},"level":"warning","spans":[{"file_name":"src/workflow.rs","byte_start":94,"byte_end":104,"line_start":3,"line_end":3,"column_start":47,"column_end":57,"is_primary":true,"text":[{"text":"use crate::governance::{WorkflowRequirements, BranchVote};","highlight_start":47,"highlight_end":57}],"label":null,"suggested_replacement":null,"suggestion_applicability":null,"expansion":null}],"children":[{"message":"remove the unused import","code":null,"level":"help","spans":[{"file_name":"src/workflow.rs","byte_start":92,"byte_end":104,"line_start":3,"line_end":3,"column_start":45,"column_end":57,"is_primary":true,"text":[{"text":"use crate::governance::{WorkflowRequirements, BranchVote};","highlight_start":45,"highlight_end":57}],"label":null,"suggested_replacement":"","suggestion_applicability":"MachineApplicable","expansion":null},{"file_name":"src/workflow.rs","byte_start":71,"byte_end":72,"line_start":3,"line_end":3,"column_start":24,"column_end":25,"is_primary":true,"text":[{"text":"use crate::governance::{WorkflowRequirements, BranchVote};","highlight_start":24,"highlight_end":25}],"label":null,"suggested_replacement":"","suggestion_applicability":"MachineApplicable","expansion":null},{"file_name":"src/workflow.rs","byte_start":104,"byte_end":105,"line_start":3,"line_end":3,"column_start":57,"column_end":58,"is_primary":true,"text":[{"text":"use crate::governance::{WorkflowRequirements, BranchVote};","highlight_start":57,"highlight_end":58}],"label":null,"suggested_replacement":"","suggestion_applicability":"MachineApplicable","expansion":null}],"children":[],"rendered":null}],"rendered":"\u001b[1m\u001b[33mwarning\u001b[0m\u001b[1m: unused import: `BranchVote`\u001b[0m\n \u001b[1m\u001b[94m--> \u001b[0msrc/workflow.rs:3:47\n  \u001b[1m\u001b[94m|\u001b[0m\n\u001b[1m\u001b[94m3\u001b[0m \u001b[1m\u001b[94m|\u001b[0m use crate::governance::{WorkflowRequirements, BranchVote};\n  \u001b[1m\u001b[94m|\u001b[0m                                               \u001b[1m\u001b[33m^^^^^^^^^^\u001b[0m\n\n"}
{"$message_type":"diagnostic","message":"unused import: `warn`","code":{"code":"unused_imports","explanation":null},"level":"warning","spans":[{"file_name":"src/model_router.rs","byte_start":265,"byte_end":269,"line_start":7,"line_end":7,"column_start":28,"column_end":32,"is_primary":true,"text":[{"text":"use tracing::{debug, info, warn};","highlight_start":28,"highlight_end":32}],"label":null,"suggested_replacement":null,"suggestion_applicability":null,"expansion":null}],"children":[{"message":"remove the unused import","code":null,"level":"help","spans":[{"file_name":"src/model_router.rs","byte_start":263,"byte_end":269,"line_start":7,"line_end":7,"column_start":26,"column_end":32,"is_primary":true,"text":[{"text":"use tracing::{debug, info, warn};","highlight_start":26,"highlight_end":32}],"label":null,"suggested_replacement":"","suggestion_applicability":"MachineApplicable","expansion":null}],"children":[],"rendered":null}],"rendered":"\u001b[1m\u001b[33mwarning\u001b[0m\u001b[1m: unused import: `warn`\u001b[0m\n \u001b[1m\u001b[94m--> \u001b[0msrc/model_router.rs:7:28\n  \u001b[1m\u001b[94m|\u001b[0m\n\u001b[1m\u001b[94m7\u001b[0m \u001b[1m\u001b[94m|\u001b[0m use tracing::{debug, info, warn};\n  \u001b[1m\u001b[94m|\u001b[0m                            \u001b[1m\u001b[33m^^^^\u001b[0m\n\n"}
{"$message_type":"diagnostic","message":"can't call method `min` on ambiguous numeric type `{float}`","code":{"code":"E0689","explanation":"A method was called on an ambiguous numeric type.\n\nErroneous code example:\n\n```compile_fail,E0689\n2.0.neg(); // error!\n```\n\nThis error indicates that the numeric value for the method being passed exists\nbut the type of the numeric value or binding could not be identified.\n\nThe error happens on numeric literals and on numeric bindings without an\nidentified concrete type:\n\n```compile_fail,E0689\nlet x = 2.0;\nx.neg();  // same error as above\n```\n\nBecause of this, you must give the numeric literal or binding a type:\n\n```\nuse std::ops::Neg;\n\nlet _ = 2.0_f32.neg(); // ok!\nlet x: f32 = 2.0;\nlet _ = x.neg(); // ok!\nlet _ = (2.0 as f32).neg(); // ok!\n```\n"},"level":"error","spans":[{"file_name":"src/governance.rs","byte_start":7626,"byte_end":7629,"line_start":217,"line_end":217,"column_start":33,"column_end":36,"is_primary":true,"text":[{"text":"        confidence = confidence.min(0.95);","highlight_start":33,"highlight_end":36}],"label":null,"suggested_replacement":null,"suggestion_applicability":null,"expansion":null}],"children":[{"message":"you must specify a type for this binding, like `f32`","code":null,"level":"help","spans":[{"file_name":"src/governance.rs","byte_start":7079,"byte_end":7079,"line_start":202,"line_end":202,"column_start":27,"column_end":27,"is_primary":true,"text":[{"text":"        let mut confidence = 0.8;","highlight_start":27,"highlight_end":27}],"label":null,"suggested_replacement":": f32","suggestion_applicability":"MaybeIncorrect","expansion":null}],"children":[],"rendered":null}],"rendered":"\u001b[1m\u001b[91merror[E0689]\u001b[0m\u001b[1m: can't call method `min` on ambiguous numeric type `{float}`\u001b[0m\n   \u001b[1m\u001b[94m--> \u001b[0msrc/governance.rs:217:33\n    \u001b[1m\u001b[94m|\u001b[0m\n\u001b[1m\u001b[94m217\u001b[0m \u001b[1m\u001b[94m|\u001b[0m         confidence = confidence.min(0.95);\n    \u001b[1m\u001b[94m|\u001b[0m                                 \u001b[1m\u001b[91m^^^\u001b[0m\n    \u001b[1m\u001b[94m|\u001b[0m\n\u001b[1m\u001b[96mhelp\u001b[0m: you must specify a type for this binding, like `f32`\n    \u001b[1m\u001b[94m|\u001b[0m\n\u001b[1m\u001b[94m202\u001b[0m \u001b[1m\u001b[94m| \u001b[0m        let mut confidence\u001b[92m: f32\u001b[0m = 0.8;\n    \u001b[1m\u001b[94m|\u001b[0m                           \u001b[92m+++++\u001b[0m\n\n"}
{"$message_type":"diagnostic","message":"can't call method `max` on ambiguous numeric type `{float}`","code":{"code":"E0689","explanation":"A method was called on an ambiguous numeric type.\n\nErroneous code example:\n\n```compile_fail,E0689\n2.0.neg(); // error!\n```\n\nThis error indicates that the numeric value for the method being passed exists\nbut the type of the numeric value or binding could not be identified.\n\nThe error happens on numeric literals and on numeric bindings without an\nidentified concrete type:\n\n```compile_fail,E0689\nlet x = 2.0;\nx.neg();  // same error as above\n```\n\nBecause of this, you must give the numeric literal or binding a type:\n\n```\nuse std::ops::Neg;\n\nlet _ = 2.0_f32.neg(); // ok!\nlet x: f32 = 2.0;\nlet _ = x.neg(); // ok!\nlet _ = (2.0 as f32).neg(); // ok!\n```\n"},"level":"error","spans":[{"file_name":"src/governance.rs","byte_start":9543,"byte_end":9546,"line_start":286,"line_end":286,"column_start":36,"column_end":39,"is_primary":true,"text":[{"text":"            confidence: confidence.max(0.0),","highlight_start":36,"highlight_end":39}],"label":null,"suggested_replacement":null,"suggestion_applicability":null,"expansion":null}],"children":[{"message":"you must specify a type for this binding, like `f32`","code":null,"level":"help","spans":[{"file_name":"src/governance.rs","byte_start":8288,"byte_end":8288,"line_start":245,"line_end":245,"column_start":27,"column_end":27,"is_primary":true,"text":[{"text":"        let mut confidence = 0.5;","highlight_start":27,"highlight_end":27}],"label":null,"suggested_replacement":": f32","suggestion_applicability":"MaybeIncorrect","expansion":null}],"children":[],"rendered":null}],"rendered":"\u001b[1m\u001b[91merror[E0689]\u001b[0m\u001b[1m: can't call method `max` on ambiguous numeric type `{float}`\u001b[0m\n   \u001b[1m\u001b[94m--> \u001b[0msrc/governance.rs:286:36\n    \u001b[1m\u001b[94m|\u001b[0m\n\u001b[1m\u001b[94m286\u001b[0m \u001b[1m\u001b[94m|\u001b[0m             confidence: confidence.max(0.0),\n    \u001b[1m\u001b[94m|\u001b[0m                                    \u001b[1m\u001b[91m^^^\u001b[0m\n    \u001b[1m\u001b[94m|\u001b[0m\n\u001b[1m\u001b[96mhelp\u001b[0m: you must specify a type for this binding, like `f32`\n    \u001b[1m\u001b[94m|\u001b[0m\n\u001b[1m\u001b[94m245\u001b[0m \u001b[1m\u001b[94m| \u001b[0m        let mut confidence\u001b[92m: f32\u001b[0m = 0.5;\n    \u001b[1m\u001b[94m|\u001b[0m                           \u001b[92m+++++\u001b[0m\n\n"}
{"$message_type":"diagnostic","message":"can't call method `max` on ambiguous numeric type `{float}`","code":{"code":"E0689","explanation":"A method was called on an ambiguous numeric type.\n\nErroneous code example:\n\n```compile_fail,E0689\n2.0.neg(); // error!\n```\n\nThis error indicates that the numeric value for the method being passed exists\nbut the type of the numeric value or binding could not be identified.\n\nThe error happens on numeric literals and on numeric bindings without an\nidentified concrete type:\n\n```compile_fail,E0689\nlet x = 2.0;\nx.neg();  // same error as above\n```\n\nBecause of this, you must give the numeric literal or binding a type:\n\n```\nuse std::ops::Neg;\n\nlet _ = 2.0_f32.neg(); // ok!\nlet x: f32 = 2.0;\nlet _ = x.neg(); // ok!\nlet _ = (2.0 as f32).neg(); // ok!\n```\n"},"level":"error","spans":[{"file_name":"src/governance.rs","byte_start":10973,"byte_end":10976,"line_start":334,"line_end":334,"column_start":36,"column_end":39,"is_primary":true,"text":[{"text":"            confidence: confidence.max(0.0),","highlight_start":36,"highlight_end":39}],"label":null,"suggested_replacement":null,"suggestion_applicability":null,"expansion":null}],"children":[{"message":"you must specify a type for this binding, like `f32`","code":null,"level":"help","spans":[{"file_name":"src/governance.rs","byte_start":9930,"byte_end":9930,"line_start":302,"line_end":302,"column_start":27,"column_end":27,"is_primary":true,"text":[{"text":"        let mut confidence = 0.9;","highlight_start":27,"highlight_end":27}],"label":null,"suggested_replacement":": f32","suggestion_applicability":"MaybeIncorrect","expansion":null}],"children":[],"rendered":null}],"rendered":"\u001b[1m\u001b[91merror[E0689]\u001b[0m\u001b[1m: can't call method `max` on ambiguous numeric type `{float}`\u001b[0m\n   \u001b[1m\u001b[94m--> \u001b[0msrc/governance.rs:334:36\n    \u001b[1m\u001b[94m|\u001b[0m\n\u001b[1m\u001b[94m334\u001b[0m \u001b[1m\u001b[94m|\u001b[0m             confidence: confidence.max(0.0),\n    \u001b[1m\u001b[94m|\u001b[0m                                    \u001b[1m\u001b[91m^^^\u001b[0m\n    \u001b[1m\u001b[94m|\u001b[0m\n\u001b[1m\u001b[96mhelp\u001b[0m: you must specify a type for this binding, like `f32`\n    \u001b[1m\u001b[94m|\u001b[0m\n\u001b[1m\u001b[94m302\u001b[0m \u001b[1m\u001b[94m| \u001b[0m        let mut confidence\u001b[92m: f32\u001b[0m = 0.9;\n    \u001b[1m\u001b[94m|\u001b[0m                           \u001b[92m+++++\u001b[0m\n\n"}
{"$message_type":"diagnostic","message":"no method named `execute_workflow` found for struct `Arc<SubagentPool>` in the current scope","code":{"code":"E0599","explanation":"This error occurs when a method is used on a type which doesn't implement it:\n\nErroneous code example:\n\n```compile_fail,E0599\nstruct Mouth;\n\nlet x = Mouth;\nx.chocolate(); // error: no method named `chocolate` found for type `Mouth`\n               //        in the current scope\n```\n\nIn this case, you need to implement the `chocolate` method to fix the error:\n\n```\nstruct Mouth;\n\nimpl Mouth {\n    fn chocolate(&self) { // We implement the `chocolate` method here.\n        println!(\"Hmmm! I love chocolate!\");\n    }\n}\n\nlet x = Mouth;\nx.chocolate(); // ok!\n```\n"},"level":"error","spans":[{"file_name":"src/lib.rs","byte_start":4232,"byte_end":4248,"line_start":138,"line_end":138,"column_start":41,"column_end":57,"is_primary":true,"text":[{"text":"        let result = self.subagent_pool.execute_workflow(workflow).await?;","highlight_start":41,"highlight_end":57}],"label":"method not found in `Arc<SubagentPool>`","suggested_replacement":null,"suggestion_applicability":null,"expansion":null}],"children":[],"rendered":"\u001b[1m\u001b[91merror[E0599]\u001b[0m\u001b[1m: no method named `execute_workflow` found for struct `Arc<SubagentPool>` in the current scope\u001b[0m\n   \u001b[1m\u001b[94m--> \u001b[0msrc/lib.rs:138:41\n    \u001b[1m\u001b[94m|\u001b[0m\n\u001b[1m\u001b[94m138\u001b[0m \u001b[1m\u001b[94m|\u001b[0m         let result = self.subagent_pool.execute_workflow(workflow).await?;\n    \u001b[1m\u001b[94m|\u001b[0m                                         \u001b[1m\u001b[91m^^^^^^^^^^^^^^^^\u001b[0m \u001b[1m\u001b[91mmethod not found in `Arc<SubagentPool>`\u001b[0m\n\n"}
{"$message_type":"diagnostic","message":"the trait bound `AtomicU64: Clone` is not satisfied","code":{"code":"E0277","explanation":"You tried to use a type which doesn't implement some trait in a place which\nexpected that trait.\n\nErroneous code example:\n\n```compile_fail,E0277\n// here we declare the Foo trait with a bar method\ntrait Foo {\n    fn bar(&self);\n}\n\n// we now declare a function which takes an object implementing the Foo trait\nfn some_func<T: Foo>(foo: T) {\n    foo.bar();\n}\n\nfn main() {\n    // we now call the method with the i32 type, which doesn't implement\n    // the Foo trait\n    some_func(5i32); // error: the trait bound `i32 : Foo` is not satisfied\n}\n```\n\nIn order to fix this error, verify that the type you're using does implement\nthe trait. Example:\n\n```\ntrait Foo {\n    fn bar(&self);\n}\n\n// we implement the trait on the i32 type\nimpl Foo for i32 {\n    fn bar(&self) {}\n}\n\nfn some_func<T: Foo>(foo: T) {\n    foo.bar(); // we can now use this method since i32 implements the\n               // Foo trait\n}\n\nfn main() {\n    some_func(5i32); // ok!\n}\n```\n\nOr in a generic context, an erroneous code example would look like:\n\n```compile_fail,E0277\nfn some_func<T>(foo: T) {\n    println!(\"{:?}\", foo); // error: the trait `core::fmt::Debug` is not\n                           //        implemented for the type `T`\n}\n\nfn main() {\n    // We now call the method with the i32 type,\n    // which *does* implement the Debug trait.\n    some_func(5i32);\n}\n```\n\nNote that the error here is in the definition of the generic function. Although\nwe only call it with a parameter that does implement `Debug`, the compiler\nstill rejects the function. It must work with all possible input types. In\norder to make this example compile, we need to restrict the generic type we're\naccepting:\n\n```\nuse std::fmt;\n\n// Restrict the input type to types that implement Debug.\nfn some_func<T: fmt::Debug>(foo: T) {\n    println!(\"{:?}\", foo);\n}\n\nfn main() {\n    // Calling the method is still fine, as i32 implements Debug.\n    some_func(5i32);\n\n    // This would fail to compile now:\n    // struct WithoutDebug;\n    // some_func(WithoutDebug);\n}\n```\n\nRust only looks at the signature of the called function, as such it must\nalready specify all requirements that will be used for every type parameter.\n"},"level":"error","spans":[{"file_name":"src/resource.rs","byte_start":611,"byte_end":635,"line_start":21,"line_end":21,"column_start":5,"column_end":29,"is_primary":true,"text":[{"text":"    pub api_calls: AtomicU64,","highlight_start":5,"highlight_end":29}],"label":"the trait `Clone` is not implemented for `AtomicU64`","suggested_replacement":null,"suggestion_applicability":null,"expansion":{"span":{"file_name":"src/resource.rs","byte_start":539,"byte_end":544,"line_start":19,"line_end":19,"column_start":17,"column_end":22,"is_primary":false,"text":[{"text":"#[derive(Debug, Clone, Default, Serialize, Deserialize)]","highlight_start":17,"highlight_end":22}],"label":null,"suggested_replacement":null,"suggestion_applicability":null,"expansion":null},"macro_decl_name":"#[derive(Clone)]","def_site_span":{"file_name":"/private/tmp/rust-20260123-8344-1t53h/rustc-1.93.0-src/library/core/src/clone.rs","byte_start":11026,"byte_end":11041,"line_start":289,"line_end":289,"column_start":1,"column_end":16,"is_primary":false,"text":[],"label":null,"suggested_replacement":null,"suggestion_applicability":null,"expansion":null}}}],"children":[],"rendered":"\u001b[1m\u001b[91merror[E0277]\u001b[0m\u001b[1m: the trait bound `AtomicU64: Clone` is not satisfied\u001b[0m\n  \u001b[1m\u001b[94m--> \u001b[0msrc/resource.rs:21:5\n   \u001b[1m\u001b[94m|\u001b[0m\n\u001b[1m\u001b[94m19\u001b[0m \u001b[1m\u001b[94m|\u001b[0m #[derive(Debug, Clone, Default, Serialize, Deserialize)]\n   \u001b[1m\u001b[94m|\u001b[0m                 \u001b[1m\u001b[94m-----\u001b[0m \u001b[1m\u001b[94min this derive macro expansion\u001b[0m\n\u001b[1m\u001b[94m20\u001b[0m \u001b[1m\u001b[94m|\u001b[0m pub struct ResourceUsage {\n\u001b[1m\u001b[94m21\u001b[0m \u001b[1m\u001b[94m|\u001b[0m     pub api_calls: AtomicU64,\n   \u001b[1m\u001b[94m|\u001b[0m     \u001b[1m\u001b[91m^^^^^^^^^^^^^^^^^^^^^^^^\u001b[0m \u001b[1m\u001b[91mthe trait `Clone` is not implemented for `AtomicU64`\u001b[0m\n\n"}
{"$message_type":"diagnostic","message":"the trait bound `AtomicU64: Clone` is not satisfied","code":{"code":"E0277","explanation":"You tried to use a type which doesn't implement some trait in a place which\nexpected that trait.\n\nErroneous code example:\n\n```compile_fail,E0277\n// here we declare the Foo trait with a bar method\ntrait Foo {\n    fn bar(&self);\n}\n\n// we now declare a function which takes an object implementing the Foo trait\nfn some_func<T: Foo>(foo: T) {\n    foo.bar();\n}\n\nfn main() {\n    // we now call the method with the i32 type, which doesn't implement\n    // the Foo trait\n    some_func(5i32); // error: the trait bound `i32 : Foo` is not satisfied\n}\n```\n\nIn order to fix this error, verify that the type you're using does implement\nthe trait. Example:\n\n```\ntrait Foo {\n    fn bar(&self);\n}\n\n// we implement the trait on the i32 type\nimpl Foo for i32 {\n    fn bar(&self) {}\n}\n\nfn some_func<T: Foo>(foo: T) {\n    foo.bar(); // we can now use this method since i32 implements the\n               // Foo trait\n}\n\nfn main() {\n    some_func(5i32); // ok!\n}\n```\n\nOr in a generic context, an erroneous code example would look like:\n\n```compile_fail,E0277\nfn some_func<T>(foo: T) {\n    println!(\"{:?}\", foo); // error: the trait `core::fmt::Debug` is not\n                           //        implemented for the type `T`\n}\n\nfn main() {\n    // We now call the method with the i32 type,\n    // which *does* implement the Debug trait.\n    some_func(5i32);\n}\n```\n\nNote that the error here is in the definition of the generic function. Although\nwe only call it with a parameter that does implement `Debug`, the compiler\nstill rejects the function. It must work with all possible input types. In\norder to make this example compile, we need to restrict the generic type we're\naccepting:\n\n```\nuse std::fmt;\n\n// Restrict the input type to types that implement Debug.\nfn some_func<T: fmt::Debug>(foo: T) {\n    println!(\"{:?}\", foo);\n}\n\nfn main() {\n    // Calling the method is still fine, as i32 implements Debug.\n    some_func(5i32);\n\n    // This would fail to compile now:\n    // struct WithoutDebug;\n    // some_func(WithoutDebug);\n}\n```\n\nRust only looks at the signature of the called function, as such it must\nalready specify all requirements that will be used for every type parameter.\n"},"level":"error","spans":[{"file_name":"src/resource.rs","byte_start":641,"byte_end":671,"line_start":22,"line_end":22,"column_start":5,"column_end":35,"is_primary":true,"text":[{"text":"    pub tokens_consumed: AtomicU64,","highlight_start":5,"highlight_end":35}],"label":"the trait `Clone` is not implemented for `AtomicU64`","suggested_replacement":null,"suggestion_applicability":null,"expansion":{"span":{"file_name":"src/resource.rs","byte_start":539,"byte_end":544,"line_start":19,"line_end":19,"column_start":17,"column_end":22,"is_primary":false,"text":[{"text":"#[derive(Debug, Clone, Default, Serialize, Deserialize)]","highlight_start":17,"highlight_end":22}],"label":null,"suggested_replacement":null,"suggestion_applicability":null,"expansion":null},"macro_decl_name":"#[derive(Clone)]","def_site_span":{"file_name":"/private/tmp/rust-20260123-8344-1t53h/rustc-1.93.0-src/library/core/src/clone.rs","byte_start":11026,"byte_end":11041,"line_start":289,"line_end":289,"column_start":1,"column_end":16,"is_primary":false,"text":[],"label":null,"suggested_replacement":null,"suggestion_applicability":null,"expansion":null}}}],"children":[],"rendered":"\u001b[1m\u001b[91merror[E0277]\u001b[0m\u001b[1m: the trait bound `AtomicU64: Clone` is not satisfied\u001b[0m\n  \u001b[1m\u001b[94m--> \u001b[0msrc/resource.rs:22:5\n   \u001b[1m\u001b[94m|\u001b[0m\n\u001b[1m\u001b[94m19\u001b[0m \u001b[1m\u001b[94m|\u001b[0m #[derive(Debug, Clone, Default, Serialize, Deserialize)]\n   \u001b[1m\u001b[94m|\u001b[0m                 \u001b[1m\u001b[94m-----\u001b[0m \u001b[1m\u001b[94min this derive macro expansion\u001b[0m\n\u001b[1m\u001b[94m...\u001b[0m\n\u001b[1m\u001b[94m22\u001b[0m \u001b[1m\u001b[94m|\u001b[0m     pub tokens_consumed: AtomicU64,\n   \u001b[1m\u001b[94m|\u001b[0m     \u001b[1m\u001b[91m^^^^^^^^^^^^^^^^^^^^^^^^^^^^^^\u001b[0m \u001b[1m\u001b[91mthe trait `Clone` is not implemented for `AtomicU64`\u001b[0m\n\n"}
{"$message_type":"diagnostic","message":"the trait bound `AtomicU64: Clone` is not satisfied","code":{"code":"E0277","explanation":"You tried to use a type which doesn't implement some trait in a place which\nexpected that trait.\n\nErroneous code example:\n\n```compile_fail,E0277\n// here we declare the Foo trait with a bar method\ntrait Foo {\n    fn bar(&self);\n}\n\n// we now declare a function which takes an object implementing the Foo trait\nfn some_func<T: Foo>(foo: T) {\n    foo.bar();\n}\n\nfn main() {\n    // we now call the method with the i32 type, which doesn't implement\n    // the Foo trait\n    some_func(5i32); // error: the trait bound `i32 : Foo` is not satisfied\n}\n```\n\nIn order to fix this error, verify that the type you're using does implement\nthe trait. Example:\n\n```\ntrait Foo {\n    fn bar(&self);\n}\n\n// we implement the trait on the i32 type\nimpl Foo for i32 {\n    fn bar(&self) {}\n}\n\nfn some_func<T: Foo>(foo: T) {\n    foo.bar(); // we can now use this method since i32 implements the\n               // Foo trait\n}\n\nfn main() {\n    some_func(5i32); // ok!\n}\n```\n\nOr in a generic context, an erroneous code example would look like:\n\n```compile_fail,E0277\nfn some_func<T>(foo: T) {\n    println!(\"{:?}\", foo); // error: the trait `core::fmt::Debug` is not\n                           //        implemented for the type `T`\n}\n\nfn main() {\n    // We now call the method with the i32 type,\n    // which *does* implement the Debug trait.\n    some_func(5i32);\n}\n```\n\nNote that the error here is in the definition of the generic function. Although\nwe only call it with a parameter that does implement `Debug`, the compiler\nstill rejects the function. It must work with all possible input types. In\norder to make this example compile, we need to restrict the generic type we're\naccepting:\n\n```\nuse std::fmt;\n\n// Restrict the input type to types that implement Debug.\nfn some_func<T: fmt::Debug>(foo: T) {\n    println!(\"{:?}\", foo);\n}\n\nfn main() {\n    // Calling the method is still fine, as i32 implements Debug.\n    some_func(5i32);\n\n    // This would fail to compile now:\n    // struct WithoutDebug;\n    // some_func(WithoutDebug);\n}\n```\n\nRust only looks at the signature of the called function, as such it must\nalready specify all requirements that will be used for every type parameter.\n"},"level":"error","spans":[{"file_name":"src/resource.rs","byte_start":677,"byte_end":707,"line_start":23,"line_end":23,"column_start":5,"column_end":35,"is_primary":true,"text":[{"text":"    pub compute_seconds: AtomicU64,","highlight_start":5,"highlight_end":35}],"label":"the trait `Clone` is not implemented for `AtomicU64`","suggested_replacement":null,"suggestion_applicability":null,"expansion":{"span":{"file_name":"src/resource.rs","byte_start":539,"byte_end":544,"line_start":19,"line_end":19,"column_start":17,"column_end":22,"is_primary":false,"text":[{"text":"#[derive(Debug, Clone, Default, Serialize, Deserialize)]","highlight_start":17,"highlight_end":22}],"label":null,"suggested_replacement":null,"suggestion_applicability":null,"expansion":null},"macro_decl_name":"#[derive(Clone)]","def_site_span":{"file_name":"/private/tmp/rust-20260123-8344-1t53h/rustc-1.93.0-src/library/core/src/clone.rs","byte_start":11026,"byte_end":11041,"line_start":289,"line_end":289,"column_start":1,"column_end":16,"is_primary":false,"text":[],"label":null,"suggested_replacement":null,"suggestion_applicability":null,"expansion":null}}}],"children":[],"rendered":"\u001b[1m\u001b[91merror[E0277]\u001b[0m\u001b[1m: the trait bound `AtomicU64: Clone` is not satisfied\u001b[0m\n  \u001b[1m\u001b[94m--> \u001b[0msrc/resource.rs:23:5\n   \u001b[1m\u001b[94m|\u001b[0m\n\u001b[1m\u001b[94m19\u001b[0m \u001b[1m\u001b[94m|\u001b[0m #[derive(Debug, Clone, Default, Serialize, Deserialize)]\n   \u001b[1m\u001b[94m|\u001b[0m                 \u001b[1m\u001b[94m-----\u001b[0m \u001b[1m\u001b[94min this derive macro expansion\u001b[0m\n\u001b[1m\u001b[94m...\u001b[0m\n\u001b[1m\u001b[94m23\u001b[0m \u001b[1m\u001b[94m|\u001b[0m     pub compute_seconds: AtomicU64,\n   \u001b[1m\u001b[94m|\u001b[0m     \u001b[1m\u001b[91m^^^^^^^^^^^^^^^^^^^^^^^^^^^^^^\u001b[0m \u001b[1m\u001b[91mthe trait `Clone` is not implemented for `AtomicU64`\u001b[0m\n\n"}
{"$message_type":"diagnostic","message":"the trait bound `AtomicU64: Clone` is not satisfied","code":{"code":"E0277","explanation":"You tried to use a type which doesn't implement some trait in a place which\nexpected that trait.\n\nErroneous code example:\n\n```compile_fail,E0277\n// here we declare the Foo trait with a bar method\ntrait Foo {\n    fn bar(&self);\n}\n\n// we now declare a function which takes an object implementing the Foo trait\nfn some_func<T: Foo>(foo: T) {\n    foo.bar();\n}\n\nfn main() {\n    // we now call the method with the i32 type, which doesn't implement\n    // the Foo trait\n    some_func(5i32); // error: the trait bound `i32 : Foo` is not satisfied\n}\n```\n\nIn order to fix this error, verify that the type you're using does implement\nthe trait. Example:\n\n```\ntrait Foo {\n    fn bar(&self);\n}\n\n// we implement the trait on the i32 type\nimpl Foo for i32 {\n    fn bar(&self) {}\n}\n\nfn some_func<T: Foo>(foo: T) {\n    foo.bar(); // we can now use this method since i32 implements the\n               // Foo trait\n}\n\nfn main() {\n    some_func(5i32); // ok!\n}\n```\n\nOr in a generic context, an erroneous code example would look like:\n\n```compile_fail,E0277\nfn some_func<T>(foo: T) {\n    println!(\"{:?}\", foo); // error: the trait `core::fmt::Debug` is not\n                           //        implemented for the type `T`\n}\n\nfn main() {\n    // We now call the method with the i32 type,\n    // which *does* implement the Debug trait.\n    some_func(5i32);\n}\n```\n\nNote that the error here is in the definition of the generic function. Although\nwe only call it with a parameter that does implement `Debug`, the compiler\nstill rejects the function. It must work with all possible input types. In\norder to make this example compile, we need to restrict the generic type we're\naccepting:\n\n```\nuse std::fmt;\n\n// Restrict the input type to types that implement Debug.\nfn some_func<T: fmt::Debug>(foo: T) {\n    println!(\"{:?}\", foo);\n}\n\nfn main() {\n    // Calling the method is still fine, as i32 implements Debug.\n    some_func(5i32);\n\n    // This would fail to compile now:\n    // struct WithoutDebug;\n    // some_func(WithoutDebug);\n}\n```\n\nRust only looks at the signature of the called function, as such it must\nalready specify all requirements that will be used for every type parameter.\n"},"level":"error","spans":[{"file_name":"src/resource.rs","byte_start":713,"byte_end":743,"line_start":24,"line_end":24,"column_start":5,"column_end":35,"is_primary":true,"text":[{"text":"    pub storage_mb_used: AtomicU64,","highlight_start":5,"highlight_end":35}],"label":"the trait `Clone` is not implemented for `AtomicU64`","suggested_replacement":null,"suggestion_applicability":null,"expansion":{"span":{"file_name":"src/resource.rs","byte_start":539,"byte_end":544,"line_start":19,"line_end":19,"column_start":17,"column_end":22,"is_primary":false,"text":[{"text":"#[derive(Debug, Clone, Default, Serialize, Deserialize)]","highlight_start":17,"highlight_end":22}],"label":null,"suggested_replacement":null,"suggestion_applicability":null,"expansion":null},"macro_decl_name":"#[derive(Clone)]","def_site_span":{"file_name":"/private/tmp/rust-20260123-8344-1t53h/rustc-1.93.0-src/library/core/src/clone.rs","byte_start":11026,"byte_end":11041,"line_start":289,"line_end":289,"column_start":1,"column_end":16,"is_primary":false,"text":[],"label":null,"suggested_replacement":null,"suggestion_applicability":null,"expansion":null}}}],"children":[],"rendered":"\u001b[1m\u001b[91merror[E0277]\u001b[0m\u001b[1m: the trait bound `AtomicU64: Clone` is not satisfied\u001b[0m\n  \u001b[1m\u001b[94m--> \u001b[0msrc/resource.rs:24:5\n   \u001b[1m\u001b[94m|\u001b[0m\n\u001b[1m\u001b[94m19\u001b[0m \u001b[1m\u001b[94m|\u001b[0m #[derive(Debug, Clone, Default, Serialize, Deserialize)]\n   \u001b[1m\u001b[94m|\u001b[0m                 \u001b[1m\u001b[94m-----\u001b[0m \u001b[1m\u001b[94min this derive macro expansion\u001b[0m\n\u001b[1m\u001b[94m...\u001b[0m\n\u001b[1m\u001b[94m24\u001b[0m \u001b[1m\u001b[94m|\u001b[0m     pub storage_mb_used: AtomicU64,\n   \u001b[1m\u001b[94m|\u001b[0m     \u001b[1m\u001b[91m^^^^^^^^^^^^^^^^^^^^^^^^^^^^^^\u001b[0m \u001b[1m\u001b[91mthe trait `Clone` is not implemented for `AtomicU64`\u001b[0m\n\n"}
{"$message_type":"diagnostic","message":"the trait bound `WorkflowRequirements: serde::Serialize` is not satisfied","code":{"code":"E0277","explanation":"You tried to use a type which doesn't implement some trait in a place which\nexpected that trait.\n\nErroneous code example:\n\n```compile_fail,E0277\n// here we declare the Foo trait with a bar method\ntrait Foo {\n    fn bar(&self);\n}\n\n// we now declare a function which takes an object implementing the Foo trait\nfn some_func<T: Foo>(foo: T) {\n    foo.bar();\n}\n\nfn main() {\n    // we now call the method with the i32 type, which doesn't implement\n    // the Foo trait\n    some_func(5i32); // error: the trait bound `i32 : Foo` is not satisfied\n}\n```\n\nIn order to fix this error, verify that the type you're using does implement\nthe trait. Example:\n\n```\ntrait Foo {\n    fn bar(&self);\n}\n\n// we implement the trait on the i32 type\nimpl Foo for i32 {\n    fn bar(&self) {}\n}\n\nfn some_func<T: Foo>(foo: T) {\n    foo.bar(); // we can now use this method since i32 implements the\n               // Foo trait\n}\n\nfn main() {\n    some_func(5i32); // ok!\n}\n```\n\nOr in a generic context, an erroneous code example would look like:\n\n```compile_fail,E0277\nfn some_func<T>(foo: T) {\n    println!(\"{:?}\", foo); // error: the trait `core::fmt::Debug` is not\n                           //        implemented for the type `T`\n}\n\nfn main() {\n    // We now call the method with the i32 type,\n    // which *does* implement the Debug trait.\n    some_func(5i32);\n}\n```\n\nNote that the error here is in the definition of the generic function. Although\nwe only call it with a parameter that does implement `Debug`, the compiler\nstill rejects the function. It must work with all possible input types. In\norder to make this example compile, we need to restrict the generic type we're\naccepting:\n\n```\nuse std::fmt;\n\n// Restrict the input type to types that implement Debug.\nfn some_func<T: fmt::Debug>(foo: T) {\n    println!(\"{:?}\", foo);\n}\n\nfn main() {\n    // Calling the method is still fine, as i32 implements Debug.\n    some_func(5i32);\n\n    // This would fail to compile now:\n    // struct WithoutDebug;\n    // some_func(WithoutDebug);\n}\n```\n\nRust only looks at the signature of the called function, as such it must\nalready specify all requirements that will be used for every type parameter.\n"},"level":"error","spans":[{"file_name":"src/workflow.rs","byte_start":184,"byte_end":193,"line_start":7,"line_end":7,"column_start":24,"column_end":33,"is_primary":true,"text":[{"text":"#[derive(Debug, Clone, Serialize, Deserialize)]","highlight_start":24,"highlight_end":33}],"label":"unsatisfied trait bound","suggested_replacement":null,"suggestion_applicability":null,"expansion":{"span":{"file_name":"src/workflow.rs","byte_start":184,"byte_end":193,"line_start":7,"line_end":7,"column_start":24,"column_end":33,"is_primary":false,"text":[{"text":"#[derive(Debug, Clone, Serialize, Deserialize)]","highlight_start":24,"highlight_end":33}],"label":null,"suggested_replacement":null,"suggestion_applicability":null,"expansion":null},"macro_decl_name":"#[derive(Serialize)]","def_site_span":{"file_name":"/Users/samueldasari/.cargo/registry/src/index.crates.io-1949cf8c6b5b557f/serde_derive-1.0.228/src/lib.rs","byte_start":3101,"byte_end":3159,"line_start":114,"line_end":114,"column_start":1,"column_end":59,"is_primary":false,"text":[{"text":"pub fn derive_serialize(input: TokenStream) -> TokenStream {","highlight_start":1,"highlight_end":59}],"label":null,"suggested_replacement":null,"suggestion_applicability":null,"expansion":null}}},{"file_name":"src/workflow.rs","byte_start":488,"byte_end":491,"line_start":18,"line_end":18,"column_start":5,"column_end":8,"is_primary":false,"text":[{"text":"    pub resource_requirements: WorkflowRequirements,","highlight_start":5,"highlight_end":8}],"label":"required by a bound introduced by this call","suggested_replacement":null,"suggestion_applicability":null,"expansion":null}],"children":[{"message":"the trait `Serialize` is not implemented for `WorkflowRequirements`","code":null,"level":"help","spans":[{"file_name":"src/governance.rs","byte_start":11280,"byte_end":11311,"line_start":346,"line_end":346,"column_start":1,"column_end":32,"is_primary":true,"text":[{"text":"pub struct WorkflowRequirements {","highlight_start":1,"highlight_end":32}],"label":null,"suggested_replacement":null,"suggestion_applicability":null,"expansion":null}],"children":[],"rendered":null},{"message":"for local types consider adding `#[derive(serde::Serialize)]` to your `WorkflowRequirements` type","code":null,"level":"note","spans":[],"children":[],"rendered":null},{"message":"for types from other crates check whether the crate offers a `serde` feature flag","code":null,"level":"note","spans":[],"children":[],"rendered":null},{"message":"the following other types implement trait `Serialize`:\n  &'a T\n  &'a mut T\n  ()\n  (T,)\n  (T0, T1)\n  (T0, T1, T2)\n  (T0, T1, T2, T3)\n  (T0, T1, T2, T3, T4)\nand 172 others","code":null,"level":"help","spans":[],"children":[],"rendered":null},{"message":"required by a bound in `_::_serde::ser::SerializeStruct::serialize_field`","code":null,"level":"note","spans":[{"file_name":"/Users/samueldasari/.cargo/registry/src/index.crates.io-1949cf8c6b5b557f/serde_core-1.0.228/src/ser/mod.rs","byte_start":62575,"byte_end":62590,"line_start":1915,"line_end":1915,"column_start":8,"column_end":23,"is_primary":false,"text":[{"text":"    fn serialize_field<T>(&mut self, key: &'static str, value: &T) -> Result<(), Self::Error>","highlight_start":8,"highlight_end":23}],"label":"required by a bound in this associated function","suggested_replacement":null,"suggestion_applicability":null,"expansion":null},{"file_name":"/Users/samueldasari/.cargo/registry/src/index.crates.io-1949cf8c6b5b557f/serde_core-1.0.228/src/ser/mod.rs","byte_start":62692,"byte_end":62701,"line_start":1917,"line_end":1917,"column_start":21,"column_end":30,"is_primary":true,"text":[{"text":"        T: ?Sized + Serialize;","highlight_start":21,"highlight_end":30}],"label":"required by this bound in `SerializeStruct::serialize_field`","suggested_replacement":null,"suggestion_applicability":null,"expansion":null}],"children":[],"rendered":null}],"rendered":"\u001b[1m\u001b[91merror[E0277]\u001b[0m\u001b[1m: the trait bound `WorkflowRequirements: serde::Serialize` is not satisfied\u001b[0m\n    \u001b[1m\u001b[94m--> \u001b[0msrc/workflow.rs:7:24\n     \u001b[1m\u001b[94m|\u001b[0m\n   \u001b[1m\u001b[94m7\u001b[0m \u001b[1m\u001b[94m|\u001b[0m #[derive(Debug, Clone, Serialize, Deserialize)]\n     \u001b[1m\u001b[94m|\u001b[0m                        \u001b[1m\u001b[91m^^^^^^^^^\u001b[0m \u001b[1m\u001b[91munsatisfied trait bound\u001b[0m\n\u001b[1m\u001b[94m...\u001b[0m\n  \u001b[1m\u001b[94m18\u001b[0m \u001b[1m\u001b[94m|\u001b[0m     pub resource_requirements: WorkflowRequirements,\n     \u001b[1m\u001b[94m|\u001b[0m     \u001b[1m\u001b[94m---\u001b[0m \u001b[1m\u001b[94mrequired by a bound introduced by this call\u001b[0m\n     \u001b[1m\u001b[94m|\u001b[0m\n\u001b[1m\u001b[96mhelp\u001b[0m: the trait `Serialize` is not implemented for `WorkflowRequirements`\n    \u001b[1m\u001b[94m--> \u001b[0msrc/governance.rs:346:1\n     \u001b[1m\u001b[94m|\u001b[0m\n \u001b[1m\u001b[94m346\u001b[0m \u001b[1m\u001b[94m|\u001b[0m pub struct WorkflowRequirements {\n     \u001b[1m\u001b[94m|\u001b[0m \u001b[1m\u001b[96m^^^^^^^^^^^^^^^^^^^^^^^^^^^^^^^\u001b[0m\n     \u001b[1m\u001b[94m= \u001b[0m\u001b[1mnote\u001b[0m: for local types consider adding `#[derive(serde::Serialize)]` to your `WorkflowRequirements` type\n     \u001b[1m\u001b[94m= \u001b[0m\u001b[1mnote\u001b[0m: for types from other crates check whether the crate offers a `serde` feature flag\n     \u001b[1m\u001b[94m= \u001b[0m\u001b[1mhelp\u001b[0m: the following other types implement trait `Serialize`:\n               &'a T\n               &'a mut T\n               ()\n               (T,)\n               (T0, T1)\n               (T0, T1, T2)\n               (T0, T1, T2, T3)\n               (T0, T1, T2, T3, T4)\n             and 172 others\n\u001b[1m\u001b[92mnote\u001b[0m: required by a bound in `_::_serde::ser::SerializeStruct::serialize_field`\n    \u001b[1m\u001b[94m--> \u001b[0m/Users/samueldasari/.cargo/registry/src/index.crates.io-1949cf8c6b5b557f/serde_core-1.0.228/src/ser/mod.rs:1917:21\n     \u001b[1m\u001b[94m|\u001b[0m\n\u001b[1m\u001b[94m1915\u001b[0m \u001b[1m\u001b[94m|\u001b[0m     fn serialize_field<T>(&mut self, key: &'static str, value: &T) -> Result<(), Self::Error>\n     \u001b[1m\u001b[94m|\u001b[0m        \u001b[1m\u001b[94m---------------\u001b[0m \u001b[1m\u001b[94mrequired by a bound in this associated function\u001b[0m\n\u001b[1m\u001b[94m1916\u001b[0m \u001b[1m\u001b[94m|\u001b[0m     where\n\u001b[1m\u001b[94m1917\u001b[0m \u001b[1m\u001b[94m|\u001b[0m         T: ?Sized + Serialize;\n     \u001b[1m\u001b[94m|\u001b[0m                     \u001b[1m\u001b[92m^^^^^^^^^\u001b[0m \u001b[1m\u001b[92mrequired by this bound in `SerializeStruct::serialize_field`\u001b[0m\n     \u001b[1m\u001b[94m= \u001b[0m\u001b[1mnote\u001b[0m: this error originates in the derive macro `Serialize` (in Nightly builds, run with -Z macro-backtrace for more info)\n\n"}
{"$message_type":"diagnostic","message":"the trait bound `WorkflowRequirements: serde::Deserialize<'de>` is not satisfied","code":{"code":"E0277","explanation":"You tried to use a type which doesn't implement some trait in a place which\nexpected that trait.\n\nErroneous code example:\n\n```compile_fail,E0277\n// here we declare the Foo trait with a bar method\ntrait Foo {\n    fn bar(&self);\n}\n\n// we now declare a function which takes an object implementing the Foo trait\nfn some_func<T: Foo>(foo: T) {\n    foo.bar();\n}\n\nfn main() {\n    // we now call the method with the i32 type, which doesn't implement\n    // the Foo trait\n    some_func(5i32); // error: the trait bound `i32 : Foo` is not satisfied\n}\n```\n\nIn order to fix this error, verify that the type you're using does implement\nthe trait. Example:\n\n```\ntrait Foo {\n    fn bar(&self);\n}\n\n// we implement the trait on the i32 type\nimpl Foo for i32 {\n    fn bar(&self) {}\n}\n\nfn some_func<T: Foo>(foo: T) {\n    foo.bar(); // we can now use this method since i32 implements the\n               // Foo trait\n}\n\nfn main() {\n    some_func(5i32); // ok!\n}\n```\n\nOr in a generic context, an erroneous code example would look like:\n\n```compile_fail,E0277\nfn some_func<T>(foo: T) {\n    println!(\"{:?}\", foo); // error: the trait `core::fmt::Debug` is not\n                           //        implemented for the type `T`\n}\n\nfn main() {\n    // We now call the method with the i32 type,\n    // which *does* implement the Debug trait.\n    some_func(5i32);\n}\n```\n\nNote that the error here is in the definition of the generic function. Although\nwe only call it with a parameter that does implement `Debug`, the compiler\nstill rejects the function. It must work with all possible input types. In\norder to make this example compile, we need to restrict the generic type we're\naccepting:\n\n```\nuse std::fmt;\n\n// Restrict the input type to types that implement Debug.\nfn some_func<T: fmt::Debug>(foo: T) {\n    println!(\"{:?}\", foo);\n}\n\nfn main() {\n    // Calling the method is still fine, as i32 implements Debug.\n    some_func(5i32);\n\n    // This would fail to compile now:\n    // struct WithoutDebug;\n    // some_func(WithoutDebug);\n}\n```\n\nRust only looks at the signature of the called function, as such it must\nalready specify all requirements that will be used for every type parameter.\n"},"level":"error","spans":[{"file_name":"src/workflow.rs","byte_start":515,"byte_end":535,"line_start":18,"line_end":18,"column_start":32,"column_end":52,"is_primary":true,"text":[{"text":"    pub resource_requirements: WorkflowRequirements,","highlight_start":32,"highlight_end":52}],"label":"unsatisfied trait bound","suggested_replacement":null,"suggestion_applicability":null,"expansion":null}],"children":[{"message":"the trait `Deserialize<'_>` is not implemented for `WorkflowRequirements`","code":null,"level":"help","spans":[{"file_name":"src/governance.rs","byte_start":11280,"byte_end":11311,"line_start":346,"line_end":346,"column_start":1,"column_end":32,"is_primary":true,"text":[{"text":"pub struct WorkflowRequirements {","highlight_start":1,"highlight_end":32}],"label":null,"suggested_replacement":null,"suggestion_applicability":null,"expansion":null}],"children":[],"rendered":null},{"message":"for local types consider adding `#[derive(serde::Deserialize)]` to your `WorkflowRequirements` type","code":null,"level":"note","spans":[],"children":[],"rendered":null},{"message":"for types from other crates check whether the crate offers a `serde` feature flag","code":null,"level":"note","spans":[],"children":[],"rendered":null},{"message":"the following other types implement trait `Deserialize<'de>`:\n  &'a Path\n  &'a [u8]\n  &'a str\n  ()\n  (T,)\n  (T0, T1)\n  (T0, T1, T2)\n  (T0, T1, T2, T3)\nand 205 others","code":null,"level":"help","spans":[],"children":[],"rendered":null},{"message":"required by a bound in `next_element`","code":null,"level":"note","spans":[{"file_name":"/Users/samueldasari/.cargo/registry/src/index.crates.io-1949cf8c6b5b557f/serde_core-1.0.228/src/de/mod.rs","byte_start":63908,"byte_end":63920,"line_start":1769,"line_end":1769,"column_start":8,"column_end":20,"is_primary":false,"text":[{"text":"    fn next_element<T>(&mut self) -> Result<Option<T>, Self::Error>","highlight_start":8,"highlight_end":20}],"label":"required by a bound in this associated function","suggested_replacement":null,"suggestion_applicability":null,"expansion":null},{"file_name":"/Users/samueldasari/.cargo/registry/src/index.crates.io-1949cf8c6b5b557f/serde_core-1.0.228/src/de/mod.rs","byte_start":63990,"byte_end":64006,"line_start":1771,"line_end":1771,"column_start":12,"column_end":28,"is_primary":true,"text":[{"text":"        T: Deserialize<'de>,","highlight_start":12,"highlight_end":28}],"label":"required by this bound in `SeqAccess::next_element`","suggested_replacement":null,"suggestion_applicability":null,"expansion":null}],"children":[],"rendered":null}],"rendered":"\u001b[1m\u001b[91merror[E0277]\u001b[0m\u001b[1m: the trait bound `WorkflowRequirements: serde::Deserialize<'de>` is not satisfied\u001b[0m\n    \u001b[1m\u001b[94m--> \u001b[0msrc/workflow.rs:18:32\n     \u001b[1m\u001b[94m|\u001b[0m\n  \u001b[1m\u001b[94m18\u001b[0m \u001b[1m\u001b[94m|\u001b[0m     pub resource_requirements: WorkflowRequirements,\n     \u001b[1m\u001b[94m|\u001b[0m                                \u001b[1m\u001b[91m^^^^^^^^^^^^^^^^^^^^\u001b[0m \u001b[1m\u001b[91munsatisfied trait bound\u001b[0m\n     \u001b[1m\u001b[94m|\u001b[0m\n\u001b[1m\u001b[96mhelp\u001b[0m: the trait `Deserialize<'_>` is not implemented for `WorkflowRequirements`\n    \u001b[1m\u001b[94m--> \u001b[0msrc/governance.rs:346:1\n     \u001b[1m\u001b[94m|\u001b[0m\n \u001b[1m\u001b[94m346\u001b[0m \u001b[1m\u001b[94m|\u001b[0m pub struct WorkflowRequirements {\n     \u001b[1m\u001b[94m|\u001b[0m \u001b[1m\u001b[96m^^^^^^^^^^^^^^^^^^^^^^^^^^^^^^^\u001b[0m\n     \u001b[1m\u001b[94m= \u001b[0m\u001b[1mnote\u001b[0m: for local types consider adding `#[derive(serde::Deserialize)]` to your `WorkflowRequirements` type\n     \u001b[1m\u001b[94m= \u001b[0m\u001b[1mnote\u001b[0m: for types from other crates check whether the crate offers a `serde` feature flag\n     \u001b[1m\u001b[94m= \u001b[0m\u001b[1mhelp\u001b[0m: the following other types implement trait `Deserialize<'de>`:\n               &'a Path\n               &'a [u8]\n               &'a str\n               ()\n               (T,)\n               (T0, T1)\n               (T0, T1, T2)\n               (T0, T1, T2, T3)\n             and 205 others\n\u001b[1m\u001b[92mnote\u001b[0m: required by a bound in `next_element`\n    \u001b[1m\u001b[94m--> \u001b[0m/Users/samueldasari/.cargo/registry/src/index.crates.io-1949cf8c6b5b557f/serde_core-1.0.228/src/de/mod.rs:1771:12\n     \u001b[1m\u001b[94m|\u001b[0m\n\u001b[1m\u001b[94m1769\u001b[0m \u001b[1m\u001b[94m|\u001b[0m     fn next_element<T>(&mut self) -> Result<Option<T>, Self::Error>\n     \u001b[1m\u001b[94m|\u001b[0m        \u001b[1m\u001b[94m------------\u001b[0m \u001b[1m\u001b[94mrequired by a bound in this associated function\u001b[0m\n\u001b[1m\u001b[94m1770\u001b[0m \u001b[1m\u001b[94m|\u001b[0m     where\n\u001b[1m\u001b[94m1771\u001b[0m \u001b[1m\u001b[94m|\u001b[0m         T: Deserialize<'de>,\n     \u001b[1m\u001b[94m|\u001b[0m            \u001b[1m\u001b[92m^^^^^^^^^^^^^^^^\u001b[0m \u001b[1m\u001b[92mrequired by this bound in `SeqAccess::next_element`\u001b[0m\n\n"}
{"$message_type":"diagnostic","message":"the trait bound `WorkflowRequirements: serde::Deserialize<'de>` is not satisfied","code":{"code":"E0277","explanation":"You tried to use a type which doesn't implement some trait in a place which\nexpected that trait.\n\nErroneous code example:\n\n```compile_fail,E0277\n// here we declare the Foo trait with a bar method\ntrait Foo {\n    fn bar(&self);\n}\n\n// we now declare a function which takes an object implementing the Foo trait\nfn some_func<T: Foo>(foo: T) {\n    foo.bar();\n}\n\nfn main() {\n    // we now call the method with the i32 type, which doesn't implement\n    // the Foo trait\n    some_func(5i32); // error: the trait bound `i32 : Foo` is not satisfied\n}\n```\n\nIn order to fix this error, verify that the type you're using does implement\nthe trait. Example:\n\n```\ntrait Foo {\n    fn bar(&self);\n}\n\n// we implement the trait on the i32 type\nimpl Foo for i32 {\n    fn bar(&self) {}\n}\n\nfn some_func<T: Foo>(foo: T) {\n    foo.bar(); // we can now use this method since i32 implements the\n               // Foo trait\n}\n\nfn main() {\n    some_func(5i32); // ok!\n}\n```\n\nOr in a generic context, an erroneous code example would look like:\n\n```compile_fail,E0277\nfn some_func<T>(foo: T) {\n    println!(\"{:?}\", foo); // error: the trait `core::fmt::Debug` is not\n                           //        implemented for the type `T`\n}\n\nfn main() {\n    // We now call the method with the i32 type,\n    // which *does* implement the Debug trait.\n    some_func(5i32);\n}\n```\n\nNote that the error here is in the definition of the generic function. Although\nwe only call it with a parameter that does implement `Debug`, the compiler\nstill rejects the function. It must work with all possible input types. In\norder to make this example compile, we need to restrict the generic type we're\naccepting:\n\n```\nuse std::fmt;\n\n// Restrict the input type to types that implement Debug.\nfn some_func<T: fmt::Debug>(foo: T) {\n    println!(\"{:?}\", foo);\n}\n\nfn main() {\n    // Calling the method is still fine, as i32 implements Debug.\n    some_func(5i32);\n\n    // This would fail to compile now:\n    // struct WithoutDebug;\n    // some_func(WithoutDebug);\n}\n```\n\nRust only looks at the signature of the called function, as such it must\nalready specify all requirements that will be used for every type parameter.\n"},"level":"error","spans":[{"file_name":"src/workflow.rs","byte_start":515,"byte_end":535,"line_start":18,"line_end":18,"column_start":32,"column_end":52,"is_primary":true,"text":[{"text":"    pub resource_requirements: WorkflowRequirements,","highlight_start":32,"highlight_end":52}],"label":"unsatisfied trait bound","suggested_replacement":null,"suggestion_applicability":null,"expansion":null}],"children":[{"message":"the trait `Deserialize<'_>` is not implemented for `WorkflowRequirements`","code":null,"level":"help","spans":[{"file_name":"src/governance.rs","byte_start":11280,"byte_end":11311,"line_start":346,"line_end":346,"column_start":1,"column_end":32,"is_primary":true,"text":[{"text":"pub struct WorkflowRequirements {","highlight_start":1,"highlight_end":32}],"label":null,"suggested_replacement":null,"suggestion_applicability":null,"expansion":null}],"children":[],"rendered":null},{"message":"for local types consider adding `#[derive(serde::Deserialize)]` to your `WorkflowRequirements` type","code":null,"level":"note","spans":[],"children":[],"rendered":null},{"message":"for types from other crates check whether the crate offers a `serde` feature flag","code":null,"level":"note","spans":[],"children":[],"rendered":null},{"message":"the following other types implement trait `Deserialize<'de>`:\n  &'a Path\n  &'a [u8]\n  &'a str\n  ()\n  (T,)\n  (T0, T1)\n  (T0, T1, T2)\n  (T0, T1, T2, T3)\nand 205 others","code":null,"level":"help","spans":[],"children":[],"rendered":null},{"message":"required by a bound in `next_value`","code":null,"level":"note","spans":[{"file_name":"/Users/samueldasari/.cargo/registry/src/index.crates.io-1949cf8c6b5b557f/serde_core-1.0.228/src/de/mod.rs","byte_start":68496,"byte_end":68506,"line_start":1914,"line_end":1914,"column_start":8,"column_end":18,"is_primary":false,"text":[{"text":"    fn next_value<V>(&mut self) -> Result<V, Self::Error>","highlight_start":8,"highlight_end":18}],"label":"required by a bound in this associated function","suggested_replacement":null,"suggestion_applicability":null,"expansion":null},{"file_name":"/Users/samueldasari/.cargo/registry/src/index.crates.io-1949cf8c6b5b557f/serde_core-1.0.228/src/de/mod.rs","byte_start":68568,"byte_end":68584,"line_start":1916,"line_end":1916,"column_start":12,"column_end":28,"is_primary":true,"text":[{"text":"        V: Deserialize<'de>,","highlight_start":12,"highlight_end":28}],"label":"required by this bound in `MapAccess::next_value`","suggested_replacement":null,"suggestion_applicability":null,"expansion":null}],"children":[],"rendered":null}],"rendered":"\u001b[1m\u001b[91merror[E0277]\u001b[0m\u001b[1m: the trait bound `WorkflowRequirements: serde::Deserialize<'de>` is not satisfied\u001b[0m\n    \u001b[1m\u001b[94m--> \u001b[0msrc/workflow.rs:18:32\n     \u001b[1m\u001b[94m|\u001b[0m\n  \u001b[1m\u001b[94m18\u001b[0m \u001b[1m\u001b[94m|\u001b[0m     pub resource_requirements: WorkflowRequirements,\n     \u001b[1m\u001b[94m|\u001b[0m                                \u001b[1m\u001b[91m^^^^^^^^^^^^^^^^^^^^\u001b[0m \u001b[1m\u001b[91munsatisfied trait bound\u001b[0m\n     \u001b[1m\u001b[94m|\u001b[0m\n\u001b[1m\u001b[96mhelp\u001b[0m: the trait `Deserialize<'_>` is not implemented for `WorkflowRequirements`\n    \u001b[1m\u001b[94m--> \u001b[0msrc/governance.rs:346:1\n     \u001b[1m\u001b[94m|\u001b[0m\n \u001b[1m\u001b[94m346\u001b[0m \u001b[1m\u001b[94m|\u001b[0m pub struct WorkflowRequirements {\n     \u001b[1m\u001b[94m|\u001b[0m \u001b[1m\u001b[96m^^^^^^^^^^^^^^^^^^^^^^^^^^^^^^^\u001b[0m\n     \u001b[1m\u001b[94m= \u001b[0m\u001b[1mnote\u001b[0m: for local types consider adding `#[derive(serde::Deserialize)]` to your `WorkflowRequirements` type\n     \u001b[1m\u001b[94m= \u001b[0m\u001b[1mnote\u001b[0m: for types from other crates check whether the crate offers a `serde` feature flag\n     \u001b[1m\u001b[94m= \u001b[0m\u001b[1mhelp\u001b[0m: the following other types implement trait `Deserialize<'de>`:\n               &'a Path\n               &'a [u8]\n               &'a str\n               ()\n               (T,)\n               (T0, T1)\n               (T0, T1, T2)\n               (T0, T1, T2, T3)\n             and 205 others\n\u001b[1m\u001b[92mnote\u001b[0m: required by a bound in `next_value`\n    \u001b[1m\u001b[94m--> \u001b[0m/Users/samueldasari/.cargo/registry/src/index.crates.io-1949cf8c6b5b557f/serde_core-1.0.228/src/de/mod.rs:1916:12\n     \u001b[1m\u001b[94m|\u001b[0m\n\u001b[1m\u001b[94m1914\u001b[0m \u001b[1m\u001b[94m|\u001b[0m     fn next_value<V>(&mut self) -> Result<V, Self::Error>\n     \u001b[1m\u001b[94m|\u001b[0m        \u001b[1m\u001b[94m----------\u001b[0m \u001b[1m\u001b[94mrequired by a bound in this associated function\u001b[0m\n\u001b[1m\u001b[94m1915\u001b[0m \u001b[1m\u001b[94m|\u001b[0m     where\n\u001b[1m\u001b[94m1916\u001b[0m \u001b[1m\u001b[94m|\u001b[0m         V: Deserialize<'de>,\n     \u001b[1m\u001b[94m|\u001b[0m            \u001b[1m\u001b[92m^^^^^^^^^^^^^^^^\u001b[0m \u001b[1m\u001b[92mrequired by this bound in `MapAccess::next_value`\u001b[0m\n\n"}
{"$message_type":"diagnostic","message":"the trait bound `WorkflowRequirements: serde::Deserialize<'de>` is not satisfied","code":{"code":"E0277","explanation":"You tried to use a type which doesn't implement some trait in a place which\nexpected that trait.\n\nErroneous code example:\n\n```compile_fail,E0277\n// here we declare the Foo trait with a bar method\ntrait Foo {\n    fn bar(&self);\n}\n\n// we now declare a function which takes an object implementing the Foo trait\nfn some_func<T: Foo>(foo: T) {\n    foo.bar();\n}\n\nfn main() {\n    // we now call the method with the i32 type, which doesn't implement\n    // the Foo trait\n    some_func(5i32); // error: the trait bound `i32 : Foo` is not satisfied\n}\n```\n\nIn order to fix this error, verify that the type you're using does implement\nthe trait. Example:\n\n```\ntrait Foo {\n    fn bar(&self);\n}\n\n// we implement the trait on the i32 type\nimpl Foo for i32 {\n    fn bar(&self) {}\n}\n\nfn some_func<T: Foo>(foo: T) {\n    foo.bar(); // we can now use this method since i32 implements the\n               // Foo trait\n}\n\nfn main() {\n    some_func(5i32); // ok!\n}\n```\n\nOr in a generic context, an erroneous code example would look like:\n\n```compile_fail,E0277\nfn some_func<T>(foo: T) {\n    println!(\"{:?}\", foo); // error: the trait `core::fmt::Debug` is not\n                           //        implemented for the type `T`\n}\n\nfn main() {\n    // We now call the method with the i32 type,\n    // which *does* implement the Debug trait.\n    some_func(5i32);\n}\n```\n\nNote that the error here is in the definition of the generic function. Although\nwe only call it with a parameter that does implement `Debug`, the compiler\nstill rejects the function. It must work with all possible input types. In\norder to make this example compile, we need to restrict the generic type we're\naccepting:\n\n```\nuse std::fmt;\n\n// Restrict the input type to types that implement Debug.\nfn some_func<T: fmt::Debug>(foo: T) {\n    println!(\"{:?}\", foo);\n}\n\nfn main() {\n    // Calling the method is still fine, as i32 implements Debug.\n    some_func(5i32);\n\n    // This would fail to compile now:\n    // struct WithoutDebug;\n    // some_func(WithoutDebug);\n}\n```\n\nRust only looks at the signature of the called function, as such it must\nalready specify all requirements that will be used for every type parameter.\n"},"level":"error","spans":[{"file_name":"src/workflow.rs","byte_start":195,"byte_end":206,"line_start":7,"line_end":7,"column_start":35,"column_end":46,"is_primary":true,"text":[{"text":"#[derive(Debug, Clone, Serialize, Deserialize)]","highlight_start":35,"highlight_end":46}],"label":"unsatisfied trait bound","suggested_replacement":null,"suggestion_applicability":null,"expansion":{"span":{"file_name":"src/workflow.rs","byte_start":195,"byte_end":206,"line_start":7,"line_end":7,"column_start":35,"column_end":46,"is_primary":false,"text":[{"text":"#[derive(Debug, Clone, Serialize, Deserialize)]","highlight_start":35,"highlight_end":46}],"label":null,"suggested_replacement":null,"suggestion_applicability":null,"expansion":null},"macro_decl_name":"#[derive(Deserialize)]","def_site_span":{"file_name":"/Users/samueldasari/.cargo/registry/src/index.crates.io-1949cf8c6b5b557f/serde_derive-1.0.228/src/lib.rs","byte_start":3397,"byte_end":3457,"line_start":122,"line_end":122,"column_start":1,"column_end":61,"is_primary":false,"text":[{"text":"pub fn derive_deserialize(input: TokenStream) -> TokenStream {","highlight_start":1,"highlight_end":61}],"label":null,"suggested_replacement":null,"suggestion_applicability":null,"expansion":null}}}],"children":[{"message":"the trait `Deserialize<'_>` is not implemented for `WorkflowRequirements`","code":null,"level":"help","spans":[{"file_name":"src/governance.rs","byte_start":11280,"byte_end":11311,"line_start":346,"line_end":346,"column_start":1,"column_end":32,"is_primary":true,"text":[{"text":"pub struct WorkflowRequirements {","highlight_start":1,"highlight_end":32}],"label":null,"suggested_replacement":null,"suggestion_applicability":null,"expansion":null}],"children":[],"rendered":null},{"message":"for local types consider adding `#[derive(serde::Deserialize)]` to your `WorkflowRequirements` type","code":null,"level":"note","spans":[],"children":[],"rendered":null},{"message":"for types from other crates check whether the crate offers a `serde` feature flag","code":null,"level":"note","spans":[],"children":[],"rendered":null},{"message":"the following other types implement trait `Deserialize<'de>`:\n  &'a Path\n  &'a [u8]\n  &'a str\n  ()\n  (T,)\n  (T0, T1)\n  (T0, T1, T2)\n  (T0, T1, T2, T3)\nand 205 others","code":null,"level":"help","spans":[],"children":[],"rendered":null},{"message":"required by a bound in `_::_serde::__private228::de::missing_field`","code":null,"level":"note","spans":[{"file_name":"/Users/samueldasari/.cargo/registry/src/index.crates.io-1949cf8c6b5b557f/serde-1.0.228/src/private/de.rs","byte_start":837,"byte_end":850,"line_start":24,"line_end":24,"column_start":8,"column_end":21,"is_primary":false,"text":[{"text":"pub fn missing_field<'de, V, E>(field: &'static str) -> Result<V, E>","highlight_start":8,"highlight_end":21}],"label":"required by a bound in this function","suggested_replacement":null,"suggestion_applicability":null,"expansion":null},{"file_name":"/Users/samueldasari/.cargo/registry/src/index.crates.io-1949cf8c6b5b557f/serde-1.0.228/src/private/de.rs","byte_start":912,"byte_end":928,"line_start":26,"line_end":26,"column_start":8,"column_end":24,"is_primary":true,"text":[{"text":"    V: Deserialize<'de>,","highlight_start":8,"highlight_end":24}],"label":"required by this bound in `missing_field`","suggested_replacement":null,"suggestion_applicability":null,"expansion":null}],"children":[],"rendered":null}],"rendered":"\u001b[1m\u001b[91merror[E0277]\u001b[0m\u001b[1m: the trait bound `WorkflowRequirements: serde::Deserialize<'de>` is not satisfied\u001b[0m\n   \u001b[1m\u001b[94m--> \u001b[0msrc/workflow.rs:7:35\n    \u001b[1m\u001b[94m|\u001b[0m\n  \u001b[1m\u001b[94m7\u001b[0m \u001b[1m\u001b[94m|\u001b[0m #[derive(Debug, Clone, Serialize, Deserialize)]\n    \u001b[1m\u001b[94m|\u001b[0m                                   \u001b[1m\u001b[91m^^^^^^^^^^^\u001b[0m \u001b[1m\u001b[91munsatisfied trait bound\u001b[0m\n    \u001b[1m\u001b[94m|\u001b[0m\n\u001b[1m\u001b[96mhelp\u001b[0m: the trait `Deserialize<'_>` is not implemented for `WorkflowRequirements`\n   \u001b[1m\u001b[94m--> \u001b[0msrc/governance.rs:346:1\n    \u001b[1m\u001b[94m|\u001b[0m\n\u001b[1m\u001b[94m346\u001b[0m \u001b[1m\u001b[94m|\u001b[0m pub struct WorkflowRequirements {\n    \u001b[1m\u001b[94m|\u001b[0m \u001b[1m\u001b[96m^^^^^^^^^^^^^^^^^^^^^^^^^^^^^^^\u001b[0m\n    \u001b[1m\u001b[94m= \u001b[0m\u001b[1mnote\u001b[0m: for local types consider adding `#[derive(serde::Deserialize)]` to your `WorkflowRequirements` type\n    \u001b[1m\u001b[94m= \u001b[0m\u001b[1mnote\u001b[0m: for types from other crates check whether the crate offers a `serde` feature flag\n    \u001b[1m\u001b[94m= \u001b[0m\u001b[1mhelp\u001b[0m: the following other types implement trait `Deserialize<'de>`:\n              &'a Path\n              &'a [u8]\n              &'a str\n              ()\n              (T,)\n              (T0, T1)\n              (T0, T1, T2)\n              (T0, T1, T2, T3)\n            and 205 others\n\u001b[1m\u001b[92mnote\u001b[0m: required by a bound in `_::_serde::__private228::de::missing_field`\n   \u001b[1m\u001b[94m--> \u001b[0m/Users/samueldasari/.cargo/registry/src/index.crates.io-1949cf8c6b5b557f/serde-1.0.228/src/private/de.rs:26:8\n    \u001b[1m\u001b[94m|\u001b[0m\n \u001b[1m\u001b[94m24\u001b[0m \u001b[1m\u001b[94m|\u001b[0m pub fn missing_field<'de, V, E>(field: &'static str) -> Result<V, E>\n    \u001b[1m\u001b[94m|\u001b[0m        \u001b[1m\u001b[94m-------------\u001b[0m \u001b[1m\u001b[94mrequired by a bound in this function\u001b[0m\n \u001b[1m\u001b[94m25\u001b[0m \u001b[1m\u001b[94m|\u001b[0m where\n \u001b[1m\u001b[94m26\u001b[0m \u001b[1m\u001b[94m|\u001b[0m     V: Deserialize<'de>,\n    \u001b[1m\u001b[94m|\u001b[0m        \u001b[1m\u001b[92m^^^^^^^^^^^^^^^^\u001b[0m \u001b[1m\u001b[92mrequired by this bound in `missing_field`\u001b[0m\n    \u001b[1m\u001b[94m= \u001b[0m\u001b[1mnote\u001b[0m: this error originates in the derive macro `Deserialize` (in Nightly builds, run with -Z macro-backtrace for more info)\n\n"}
{"$message_type":"diagnostic","message":"can't call method `min` on ambiguous numeric type `{float}`","code":{"code":"E0689","explanation":"A method was called on an ambiguous numeric type.\n\nErroneous code example:\n\n```compile_fail,E0689\n2.0.neg(); // error!\n```\n\nThis error indicates that the numeric value for the method being passed exists\nbut the type of the numeric value or binding could not be identified.\n\nThe error happens on numeric literals and on numeric bindings without an\nidentified concrete type:\n\n```compile_fail,E0689\nlet x = 2.0;\nx.neg();  // same error as above\n```\n\nBecause of this, you must give the numeric literal or binding a type:\n\n```\nuse std::ops::Neg;\n\nlet _ = 2.0_f32.neg(); // ok!\nlet x: f32 = 2.0;\nlet _ = x.neg(); // ok!\nlet _ = (2.0 as f32).neg(); // ok!\n```\n"},"level":"error","spans":[{"file_name":"src/model_router.rs","byte_start":3829,"byte_end":3832,"line_start":117,"line_end":117,"column_start":45,"column_end":48,"is_primary":true,"text":[{"text":"            complexity = (complexity + 0.2).min(1.0);","highlight_start":45,"highlight_end":48}],"label":null,"suggested_replacement":null,"suggestion_applicability":null,"expansion":null}],"children":[],"rendered":"\u001b[1m\u001b[91merror[E0689]\u001b[0m\u001b[1m: can't call method `min` on ambiguous numeric type `{float}`\u001b[0m\n   \u001b[1m\u001b[94m--> \u001b[0msrc/model_router.rs:117:45\n    \u001b[1m\u001b[94m|\u001b[0m\n\u001b[1m\u001b[94m117\u001b[0m \u001b[1m\u001b[94m|\u001b[0m             complexity = (complexity + 0.2).min(1.0);\n    \u001b[1m\u001b[94m|\u001b[0m                                             \u001b[1m\u001b[91m^^^\u001b[0m\n\n"}
{"$message_type":"diagnostic","message":"unused variable: `subagent_id`","code":{"code":"unused_variables","explanation":null},"level":"warning","spans":[{"file_name":"src/resource.rs","byte_start":10101,"byte_end":10112,"line_start":303,"line_end":303,"column_start":9,"column_end":20,"is_primary":true,"text":[{"text":"        subagent_id: &str,","highlight_start":9,"highlight_end":20}],"label":null,"suggested_replacement":null,"suggestion_applicability":null,"expansion":null}],"children":[{"message":"`#[warn(unused_variables)]` (part of `#[warn(unused)]`) on by default","code":null,"level":"note","spans":[],"children":[],"rendered":null},{"message":"if this is intentional, prefix it with an underscore","code":null,"level":"help","spans":[{"file_name":"src/resource.rs","byte_start":10101,"byte_end":10112,"line_start":303,"line_end":303,"column_start":9,"column_end":20,"is_primary":true,"text":[{"text":"        subagent_id: &str,","highlight_start":9,"highlight_end":20}],"label":null,"suggested_replacement":"_subagent_id","suggestion_applicability":"MachineApplicable","expansion":null}],"children":[],"rendered":null}],"rendered":"\u001b[1m\u001b[33mwarning\u001b[0m\u001b[1m: unused variable: `subagent_id`\u001b[0m\n   \u001b[1m\u001b[94m--> \u001b[0msrc/resource.rs:303:9\n    \u001b[1m\u001b[94m|\u001b[0m\n\u001b[1m\u001b[94m303\u001b[0m \u001b[1m\u001b[94m|\u001b[0m         subagent_id: &str,\n    \u001b[1m\u001b[94m|\u001b[0m         \u001b[1m\u001b[33m^^^^^^^^^^^\u001b[0m \u001b[1m\u001b[33mhelp: if this is intentional, prefix it with an underscore: `_subagent_id`\u001b[0m\n    \u001b[1m\u001b[94m|\u001b[0m\n    \u001b[1m\u001b[94m= \u001b[0m\u001b[1mnote\u001b[0m: `#[warn(unused_variables)]` (part of `#[warn(unused)]`) on by default\n\n"}
{"$message_type":"diagnostic","message":"aborting due to 15 previous errors; 5 warnings emitted","code":null,"level":"error","spans":[],"children":[],"rendered":"\u001b[1m\u001b[91merror\u001b[0m\u001b[1m: aborting due to 15 previous errors; 5 warnings emitted\u001b[0m\n\n"}
{"$message_type":"diagnostic","message":"Some errors have detailed explanations: E0277, E0433, E0599, E0689.","code":null,"level":"failure-note","spans":[],"children":[],"rendered":"\u001b[1mSome errors have detailed explanations: E0277, E0433, E0599, E0689.\u001b[0m\n"}
{"$message_type":"diagnostic","message":"For more information about an error, try `rustc --explain E0277`.","code":null,"level":"failure-note","spans":[],"children":[],"rendered":"\u001b[1mFor more information about an error, try `rustc --explain E0277`.\u001b[0m\n"}
